********************************************************************************
DUPLICATOR-LITE PACKAGE-LOG: February 11, 2020 12:07 pm
NOTICE: Do NOT post to public sites or forums 
********************************************************************************
VERSION:	1.3.26
WORDPRESS:	5.3.2
PHP INFO:	7.1.29 | SAPI: apache2handler
SERVER:		Apache/2.4.39 (Win64) OpenSSL/1.0.2r PHP/7.1.29 
PHP TIME LIMIT: (0) no time limit imposed 
PHP MAX MEMORY: 4294967296 (128M default) 
MEMORY STACK: 14MB

********************************************************************************
DATABASE:
********************************************************************************
BUILD MODE:   MYSQLDUMP
MYSQLTIMEOUT: 5000
MYSQLDUMP:    Is Supported
SQL CREATED: 20200211_tqswwebcafe_53c1cd900936f42e9258_20200211120737_database.sql
SQL FILE SIZE: 1.94MB (2030735)
SQL FILE TIME: 2020-02-11 12:07:55
SQL RUNTIME: 2.80 sec.

********************************************************************************
ARCHIVE (ZIP):
********************************************************************************
ARCHIVE DIR:  C:/xampp/htdocs/wordpress
ARCHIVE FILE: 20200211_tqswwebcafe_53c1cd900936f42e9258_20200211120737_archive.zip
FILTERS: *OFF*
DIRS:
	not set
FILES:
	not set
EXTS:  not set
----------------------------------------
COMPRESSING
SIZE:	127.9MB
STATS:	Dirs 756 | Files 4,654
SQL ADDED: 20200211_tqswwebcafe_53c1cd900936f42e9258_20200211120737_database.sql
ZipArchive Object
(
    [status] => 0
    [statusSys] => 0
    [numFiles] => 5410
    [filename] => C:\xampp\htdocs\wordpress\wp-snapshots\tmp\20200211_tqswwebcafe_53c1cd900936f42e9258_20200211120737_archive.zip
    [comment] => 
)

FILE ADDED TO ZIP: 5409
COMPRESSION RESULT: '1'
COMPRESSED SIZE: 64.06MB
ARCHIVE RUNTIME: 44.73 sec.
MEMORY STACK: 16MB
building installer
add_extra_files1
add_extra_files2
add_extra_files3
add_extra_files4
Doing archive file check
add_extra_files5
add_extra_files6
add_extra_files8
Successfully opened zip C:/xampp/htdocs/wordpress/wp-snapshots/tmp/20200211_tqswwebcafe_53c1cd900936f42e9258_20200211120737_archive.zip
Adding enhanced installer files to archive using ZipArchive
Installer files added to archive
Added to archive
After ziparchive close when adding installer

********************************************************************************
INTEGRITY CHECKS:
********************************************************************************
SQL FILE: 1.94MB
INSTALLER FILE: 60.53KB
ARCHIVE FILE: 65.4MB 
EXPECTED FILE/DIRECTORY COUNT: 5,410
ACTUAL FILE/DIRECTORY COUNT: 5,409
ARCHIVE CONSISTENCY TEST: Pass

********************************************************************************
RECORD ID:[1]
TOTAL PROCESS RUNTIME: 48.67 sec.
PEAK PHP MEMORY USED: 16MB
DONE PROCESSING => 20200211_tqswwebcafe February 11, 2020 12:08 pm

