********************************************************************************
DUPLICATOR-LITE PACKAGE-LOG: February 18, 2020 11:58 am
NOTICE: Do NOT post to public sites or forums 
********************************************************************************
VERSION:	1.3.26
WORDPRESS:	5.3.2
PHP INFO:	7.1.29 | SAPI: apache2handler
SERVER:		Apache/2.4.39 (Win64) OpenSSL/1.0.2r PHP/7.1.29 
PHP TIME LIMIT: (0) no time limit imposed 
PHP MAX MEMORY: 4294967296 (128M default) 
MEMORY STACK: 6MB

********************************************************************************
DATABASE:
********************************************************************************
BUILD MODE:   MYSQLDUMP
MYSQLTIMEOUT: 5000
MYSQLDUMP:    Is Supported
SQL CREATED: 20200218_estore_f9d27d3392f5d57e7354_20200218115739_database.sql
SQL FILE SIZE: 818.48KB (838127)
SQL FILE TIME: 2020-02-18 11:58:49
SQL RUNTIME: 5.59 sec.

********************************************************************************
ARCHIVE (ZIP):
********************************************************************************
ARCHIVE DIR:  C:/xampp/htdocs/estore
ARCHIVE FILE: 20200218_estore_f9d27d3392f5d57e7354_20200218115739_archive.zip
FILTERS: *OFF*
DIRS:
	not set
FILES:
	not set
EXTS:  not set
----------------------------------------
COMPRESSING
SIZE:	181.67MB
STATS:	Dirs 1,258 | Files 7,437
SQL ADDED: 20200218_estore_f9d27d3392f5d57e7354_20200218115739_database.sql
ZipArchive Object
(
    [status] => 0
    [statusSys] => 0
    [numFiles] => 8695
    [filename] => C:\xampp\htdocs\estore\wp-snapshots\tmp\20200218_estore_f9d27d3392f5d57e7354_20200218115739_archive.zip
    [comment] => 
)

FILE ADDED TO ZIP: 8694
COMPRESSION RESULT: '1'
COMPRESSED SIZE: 92.06MB
ARCHIVE RUNTIME: 89.22 sec.
MEMORY STACK: 8MB
building installer
add_extra_files1
add_extra_files2
add_extra_files3
add_extra_files4
Doing archive file check
add_extra_files5
add_extra_files6
add_extra_files8
Successfully opened zip C:/xampp/htdocs/estore/wp-snapshots/tmp/20200218_estore_f9d27d3392f5d57e7354_20200218115739_archive.zip
Adding enhanced installer files to archive using ZipArchive
Installer files added to archive
Added to archive
After ziparchive close when adding installer

********************************************************************************
INTEGRITY CHECKS:
********************************************************************************
SQL FILE: 818.48KB
INSTALLER FILE: 60.52KB
ARCHIVE FILE: 93.42MB 
EXPECTED FILE/DIRECTORY COUNT: 8,695
ACTUAL FILE/DIRECTORY COUNT: 8,694
ARCHIVE CONSISTENCY TEST: Pass

********************************************************************************
RECORD ID:[1]
TOTAL PROCESS RUNTIME: 96.33 sec.
PEAK PHP MEMORY USED: 10MB
DONE PROCESSING => 20200218_estore February 18, 2020 12:00 pm

